SF:lib\src\badge.dart
DA:2,2
DA:12,2
DA:13,4
DA:14,6
DA:15,2
DA:16,6
DA:17,2
DA:23,2
DA:32,2
DA:33,2
DA:34,2
DA:35,2
DA:36,2
DA:37,2
DA:38,2
DA:43,4
DA:44,2
DA:48,2
DA:52,2
DA:53,2
DA:54,2
DA:55,4
DA:56,2
DA:58,12
DA:59,12
DA:60,12
DA:61,2
DA:62,2
DA:68,2
DA:70,2
DA:72,24
LF:31
LH:31
end_of_record
SF:lib\src\collector.dart
DA:8,0
DA:9,0
DA:11,0
DA:17,0
DA:23,1
DA:24,1
DA:27,1
DA:31,2
DA:32,1
DA:33,1
DA:34,1
DA:35,3
DA:36,1
DA:41,1
DA:45,1
DA:51,1
DA:53,3
DA:54,1
DA:55,1
DA:56,2
DA:58,3
DA:59,2
DA:60,3
DA:61,3
DA:62,2
DA:63,2
LF:26
LH:22
end_of_record
